d:\github\2-2_networkfinal\server\servercore\x64\debug\servercore.pch
d:\github\2-2_networkfinal\server\libraries\libs\servercore\debug\servercore.pdb
d:\github\2-2_networkfinal\server\libraries\libs\servercore\debug\servercore.idb
d:\github\2-2_networkfinal\server\servercore\x64\debug\pch.obj
d:\github\2-2_networkfinal\server\servercore\x64\debug\threadmanager.obj
d:\github\2-2_networkfinal\server\servercore\x64\debug\socketutils.obj
d:\github\2-2_networkfinal\server\servercore\x64\debug\session.obj
d:\github\2-2_networkfinal\server\servercore\x64\debug\service.obj
d:\github\2-2_networkfinal\server\servercore\x64\debug\sendbuffer.obj
d:\github\2-2_networkfinal\server\servercore\x64\debug\recvbuffer.obj
d:\github\2-2_networkfinal\server\servercore\x64\debug\netaddress.obj
d:\github\2-2_networkfinal\server\servercore\x64\debug\lockqueue.obj
d:\github\2-2_networkfinal\server\servercore\x64\debug\listener.obj
d:\github\2-2_networkfinal\server\servercore\x64\debug\jobtimer.obj
d:\github\2-2_networkfinal\server\servercore\x64\debug\jobqueue.obj
d:\github\2-2_networkfinal\server\servercore\x64\debug\job.obj
d:\github\2-2_networkfinal\server\servercore\x64\debug\iocpevent.obj
d:\github\2-2_networkfinal\server\servercore\x64\debug\iocpcore.obj
d:\github\2-2_networkfinal\server\servercore\x64\debug\globalqueue.obj
d:\github\2-2_networkfinal\server\servercore\x64\debug\coretls.obj
d:\github\2-2_networkfinal\server\servercore\x64\debug\corepch.obj
d:\github\2-2_networkfinal\server\servercore\x64\debug\coreglobal.obj
d:\github\2-2_networkfinal\server\servercore\x64\debug\bufferwriter.obj
d:\github\2-2_networkfinal\server\servercore\x64\debug\bufferreader.obj
d:\github\2-2_networkfinal\server\libraries\libs\servercore\debug\servercore.lib
d:\github\2-2_networkfinal\server\servercore\x64\debug\servercore.tlog\cl.command.1.tlog
d:\github\2-2_networkfinal\server\servercore\x64\debug\servercore.tlog\cl.items.tlog
d:\github\2-2_networkfinal\server\servercore\x64\debug\servercore.tlog\cl.read.1.tlog
d:\github\2-2_networkfinal\server\servercore\x64\debug\servercore.tlog\cl.write.1.tlog
d:\github\2-2_networkfinal\server\servercore\x64\debug\servercore.tlog\lib-link.read.1.tlog
d:\github\2-2_networkfinal\server\servercore\x64\debug\servercore.tlog\lib-link.write.1.tlog
d:\github\2-2_networkfinal\server\servercore\x64\debug\servercore.tlog\lib.command.1.tlog
